<?xml version="1.0" encoding="UTF-8"?>
<!-- Generated by org.testng.reporters.JUnitReportReporter -->
<testsuite hostname="DESKTOP-9L122V8" name="Week_01.RTTC_013" tests="1" failures="0" timestamp="19 Sep 2019 05:37:58 GMT" time="35.780" errors="0">
  <testcase name="Test_1" time="35.780" classname="Week_01.RTTC_013"/>
</testsuite> <!-- Week_01.RTTC_013 -->
